[preview.colorlib.com/theme/feliciano/index.html]
[backblue.gif]
[fade.gif]
[index.html]
[preview.colorlib.com/theme/feliciano/css/open-iconic-bootstrap.min.css]
[preview.colorlib.com/theme/feliciano/css/animate.css]
[preview.colorlib.com/theme/feliciano/css/owl.carousel.min.css]
[preview.colorlib.com/theme/feliciano/css/owl.theme.default.min.css]
[preview.colorlib.com/theme/feliciano/css/magnific-popup.css]
[preview.colorlib.com/theme/feliciano/css/aos.css]
[preview.colorlib.com/theme/feliciano/css/ionicons.min.css]
[preview.colorlib.com/theme/feliciano/css/bootstrap-datepicker.css]
[preview.colorlib.com/theme/feliciano/css/jquery.timepicker.css]
[preview.colorlib.com/theme/feliciano/css/flaticon.css]
[preview.colorlib.com/theme/feliciano/css/icomoon.css]
[preview.colorlib.com/theme/feliciano/css/style.css]
[preview.colorlib.com/theme/feliciano/about.html]
[preview.colorlib.com/theme/feliciano/menu.html]
[preview.colorlib.com/theme/feliciano/blog.html]
[preview.colorlib.com/theme/feliciano/contact.html]
[preview.colorlib.com/theme/feliciano/reservation.html]
[preview.colorlib.com/theme/feliciano/images/bg_1.jpg]
[preview.colorlib.com/theme/feliciano/images/bg_2.jpg]
[preview.colorlib.com/theme/feliciano/images/bg_3.jpg]
[preview.colorlib.com/theme/feliciano/images/breakfast-1.jpg]
[preview.colorlib.com/theme/feliciano/images/breakfast-2.jpg]
[preview.colorlib.com/theme/feliciano/images/breakfast-3.jpg]
[preview.colorlib.com/theme/feliciano/images/breakfast-4.jpg]
[preview.colorlib.com/theme/feliciano/images/about.jpg]
[preview.colorlib.com/theme/feliciano/images/about-1.jpg]
[preview.colorlib.com/theme/feliciano/images/breakfast-5.jpg]
[preview.colorlib.com/theme/feliciano/images/breakfast-6.jpg]
[preview.colorlib.com/theme/feliciano/images/chef-4.jpg]
[preview.colorlib.com/theme/feliciano/images/chef-2.jpg]
[preview.colorlib.com/theme/feliciano/images/chef-3.jpg]
[preview.colorlib.com/theme/feliciano/images/chef-1.jpg]
[preview.colorlib.com/theme/feliciano/images/person_1.jpg]
[preview.colorlib.com/theme/feliciano/images/person_2.jpg]
[preview.colorlib.com/theme/feliciano/images/person_3.jpg]
[preview.colorlib.com/theme/feliciano/images/person_4.jpg]
[preview.colorlib.com/theme/feliciano/blog-single.html]
[preview.colorlib.com/theme/feliciano/images/image_1.jpg]
[preview.colorlib.com/theme/feliciano/images/image_2.jpg]
[preview.colorlib.com/theme/feliciano/images/image_3.jpg]
[preview.colorlib.com/theme/feliciano/images/insta-1.jpg]
[preview.colorlib.com/theme/feliciano/images/insta-2.jpg]
[preview.colorlib.com/theme/feliciano/images/insta-3.jpg]
[preview.colorlib.com/theme/feliciano/images/insta-4.jpg]
[preview.colorlib.com/theme/feliciano/images/insta-5.jpg]
[preview.colorlib.com/theme/feliciano/images/insta-6.jpg]
[preview.colorlib.com/cdn-cgi/scripts/5c5dd728/cloudflare-static/email-decode.min.js]
[preview.colorlib.com/theme/feliciano/js/jquery.min.js]
[preview.colorlib.com/theme/feliciano/js/jquery-migrate-3.0.1.min.js]
[preview.colorlib.com/theme/feliciano/js/popper.min.js]
[preview.colorlib.com/theme/feliciano/js/bootstrap.min.js]
[preview.colorlib.com/theme/feliciano/js/jquery.easing.1.3.js]
[preview.colorlib.com/theme/feliciano/js/jquery.waypoints.min.js]
[preview.colorlib.com/theme/feliciano/js/jquery.stellar.min.js]
[preview.colorlib.com/theme/feliciano/js/owl.carousel.min.js]
[preview.colorlib.com/theme/feliciano/js/jquery.magnific-popup.min.js]
[preview.colorlib.com/theme/feliciano/js/aos.js]
[preview.colorlib.com/theme/feliciano/js/jquery.animateNumber.min.js]
[preview.colorlib.com/theme/feliciano/js/bootstrap-datepicker.js]
[preview.colorlib.com/theme/feliciano/js/jquery.timepicker.min.js]
[preview.colorlib.com/theme/feliciano/js/scrollax.min.js]
[preview.colorlib.com/theme/feliciano/js/google-map.js]
[preview.colorlib.com/theme/feliciano/index.html]
[preview.colorlib.com/theme/feliciano/js/main.js]
[preview.colorlib.com/theme/feliciano/fonts/open-iconic/open-iconic.eot]
[preview.colorlib.com/theme/feliciano/fonts/open-iconic/open-iconicd41d.eot]
[preview.colorlib.com/theme/feliciano/fonts/open-iconic/open-iconic.woff]
[preview.colorlib.com/theme/feliciano/fonts/open-iconic/open-iconic.ttf]
[preview.colorlib.com/theme/feliciano/fonts/open-iconic/open-iconic.otf]
[preview.colorlib.com/theme/feliciano/css/open-iconic-bootstrap.min.css]
[preview.colorlib.com/theme/feliciano/css/animate.css]
[preview.colorlib.com/theme/feliciano/fonts/open-iconic/open-iconic.svg]
[preview.colorlib.com/theme/feliciano/css/owl.video.play.png]
[preview.colorlib.com/theme/feliciano/css/owl.carousel.min.css]
[preview.colorlib.com/theme/feliciano/css/owl.theme.default.min.css]
[preview.colorlib.com/theme/feliciano/css/magnific-popup.css]
[preview.colorlib.com/theme/feliciano/css/aos.css]
[preview.colorlib.com/theme/feliciano/fonts/ionicons/fonts/ionicons580c.eot]
[preview.colorlib.com/theme/feliciano/fonts/ionicons/fonts/ionicons580c.woff2]
[preview.colorlib.com/theme/feliciano/fonts/ionicons/fonts/ionicons580c.woff]
[preview.colorlib.com/theme/feliciano/fonts/ionicons/fonts/ionicons580c.ttf]
[preview.colorlib.com/theme/feliciano/css/ionicons.min.css]
[preview.colorlib.com/theme/feliciano/css/bootstrap-datepicker.css]
[preview.colorlib.com/theme/feliciano/css/jquery.timepicker.css]
[preview.colorlib.com/theme/feliciano/fonts/ionicons/fonts/ionicons580c.svg]
[preview.colorlib.com/theme/feliciano/fonts/flaticon/font/Flaticon.eot]
[preview.colorlib.com/theme/feliciano/fonts/flaticon/font/Flaticond41d.eot]
[preview.colorlib.com/theme/feliciano/fonts/flaticon/font/Flaticon.woff]
[preview.colorlib.com/theme/feliciano/fonts/flaticon/font/Flaticon.ttf]
[preview.colorlib.com/theme/feliciano/css/flaticon.css]
[preview.colorlib.com/theme/feliciano/fonts/flaticon/font/Flaticon.svg]
[preview.colorlib.com/theme/feliciano/fonts/icomoon/icomoonccfb.eot]
[preview.colorlib.com/theme/feliciano/fonts/icomoon/icomoonccfb.ttf]
[preview.colorlib.com/theme/feliciano/fonts/icomoon/icomoonccfb.woff]
[preview.colorlib.com/theme/feliciano/css/icomoon.css]
[preview.colorlib.com/theme/feliciano/css/style.css]
[preview.colorlib.com/theme/feliciano/about.html]
[preview.colorlib.com/theme/feliciano/images/breakfast-7.jpg]
[preview.colorlib.com/theme/feliciano/images/breakfast-8.jpg]
[preview.colorlib.com/theme/feliciano/fonts/icomoon/icomoonccfb.svg]
[preview.colorlib.com/theme/feliciano/images/lunch-1.jpg]
[preview.colorlib.com/theme/feliciano/images/lunch-2.jpg]
[preview.colorlib.com/theme/feliciano/images/lunch-3.jpg]
[preview.colorlib.com/theme/feliciano/images/lunch-4.jpg]
[preview.colorlib.com/theme/feliciano/images/lunch-5.jpg]
[preview.colorlib.com/theme/feliciano/images/lunch-6.jpg]
[preview.colorlib.com/theme/feliciano/images/lunch-7.jpg]
[preview.colorlib.com/theme/feliciano/images/lunch-8.jpg]
[preview.colorlib.com/theme/feliciano/images/dinner-1.jpg]
[preview.colorlib.com/theme/feliciano/images/dinner-2.jpg]
[preview.colorlib.com/theme/feliciano/images/dinner-3.jpg]
[preview.colorlib.com/theme/feliciano/images/dinner-4.jpg]
[preview.colorlib.com/theme/feliciano/images/dinner-5.jpg]
[preview.colorlib.com/theme/feliciano/images/dinner-6.jpg]
[preview.colorlib.com/theme/feliciano/images/drink-1.jpg]
[preview.colorlib.com/theme/feliciano/images/drink-2.jpg]
[preview.colorlib.com/theme/feliciano/images/drink-3.jpg]
[preview.colorlib.com/theme/feliciano/images/drink-4.jpg]
[preview.colorlib.com/theme/feliciano/images/drink-5.jpg]
[preview.colorlib.com/theme/feliciano/images/drink-6.jpg]
[preview.colorlib.com/theme/feliciano/images/dessert-1.jpg]
[preview.colorlib.com/theme/feliciano/images/dessert-2.jpg]
[preview.colorlib.com/theme/feliciano/images/dessert-3.jpg]
[preview.colorlib.com/theme/feliciano/images/dessert-4.jpg]
[preview.colorlib.com/theme/feliciano/images/dessert-5.jpg]
[preview.colorlib.com/theme/feliciano/images/wine-1.jpg]
[preview.colorlib.com/theme/feliciano/images/wine-2.jpg]
[preview.colorlib.com/theme/feliciano/images/wine-3.jpg]
[preview.colorlib.com/theme/feliciano/images/wine-4.jpg]
[preview.colorlib.com/theme/feliciano/images/wine-5.jpg]
[preview.colorlib.com/theme/feliciano/images/wine-6.jpg]
[preview.colorlib.com/theme/feliciano/images/wine-7.jpg]
[preview.colorlib.com/theme/feliciano/images/wine-8.jpg]
[preview.colorlib.com/theme/feliciano/menu.html]
[preview.colorlib.com/theme/feliciano/images/image_4.jpg]
[preview.colorlib.com/theme/feliciano/images/image_5.jpg]
[preview.colorlib.com/theme/feliciano/images/image_6.jpg]
[preview.colorlib.com/theme/feliciano/blog.html]
[preview.colorlib.com/theme/feliciano/contact.html]
[preview.colorlib.com/theme/feliciano/reservation.html]
[preview.colorlib.com/theme/feliciano/blog-single.html]
[preview.colorlib.com/theme/feliciano/fonts/open-iconic/open-iconic.svg]
[preview.colorlib.com/theme/feliciano/css/owl.video.play.html]
[preview.colorlib.com/theme/feliciano/fonts/ionicons/fonts/ionicons580c.svg]
[preview.colorlib.com/theme/feliciano/fonts/flaticon/font/Flaticon.svg]
[static.cloudflareinsights.com/beacon.min.js]
[preview.colorlib.com/theme/feliciano/fonts/icomoon/icomoonccfb.svg]
